Using pre-set license
Built from '2020.2/release' branch; Version is '2020.2.0f1 (3721df5a8b28) revision 3613151'; Using compiler version '192528614'; Build Type 'Release'
OS: 'Windows 10  (10.0.0) 64bit' Language: 'en' Physical Memory: 16295 MB
BatchMode: 1, IsHumanControllingUs: 0, StartBugReporterOnCrash: 0, Is64bit: 1, IsPro: 0

 COMMAND LINE ARGUMENTS:
C:\Program Files\Unity\Hub\Editor\2020.2.0f1\Editor\Unity.exe
-adb2
-batchMode
-noUpm
-name
AssetImportWorker0
-projectPath
C:/GithubSpace/Project-Elbow-Cough/Projcet Elbow Cough_clone_0
-logFile
Logs/AssetImportWorker0.log
-srvPort
55316
Successfully changed project path to: C:/GithubSpace/Project-Elbow-Cough/Projcet Elbow Cough_clone_0
C:/GithubSpace/Project-Elbow-Cough/Projcet Elbow Cough_clone_0
Using Asset Import Pipeline V2.
Refreshing native plugins compatible for Editor in 64.49 ms, found 0 plugins.
Preloading 0 native plugins for Editor in 0.00 ms.
Initialize engine version: 2020.2.0f1 (3721df5a8b28)
[Subsystems] Discovering subsystems at path C:/Program Files/Unity/Hub/Editor/2020.2.0f1/Editor/Data/Resources/UnitySubsystems
[Subsystems] Discovering subsystems at path C:/GithubSpace/Project-Elbow-Cough/Projcet Elbow Cough_clone_0/Assets
GfxDevice: creating device client; threaded=0
Direct3D:
    Version:  Direct3D 11.0 [level 11.1]
    Renderer: NVIDIA GeForce RTX 2060 (ID=0x1f08)
    Vendor:   
    VRAM:     5980 MB
    Driver:   27.21.14.5671
Shader 'Universal Render Pipeline/Particles/Lit': fallback shader 'Universal Render Pipeline/Particles/SimpleLit' not found
Initialize mono
Mono path[0] = 'C:/Program Files/Unity/Hub/Editor/2020.2.0f1/Editor/Data/Managed'
Mono path[1] = 'C:/Program Files/Unity/Hub/Editor/2020.2.0f1/Editor/Data/MonoBleedingEdge/lib/mono/unityjit'
Mono config path = 'C:/Program Files/Unity/Hub/Editor/2020.2.0f1/Editor/Data/MonoBleedingEdge/etc'
Using monoOptions --debugger-agent=transport=dt_socket,embedding=1,server=y,suspend=n,address=127.0.0.1:56964
Begin MonoManager ReloadAssembly
Registering precompiled unity dll's ...
Register platform support module: C:/Program Files/Unity/Hub/Editor/2020.2.0f1/Editor/Data/PlaybackEngines/WindowsStandaloneSupport/UnityEditor.WindowsStandalone.Extensions.dll
Registered in 0.001867 seconds.
Native extension for WindowsStandalone target not found
Refreshing native plugins compatible for Editor in 66.08 ms, found 0 plugins.
Preloading 0 native plugins for Editor in 0.00 ms.
Invoked RoslynAnalysisRunner static constructor.
RoslynAnalysisRunner will not be running.
RoslynAnalysisRunner has terminated.
Mono: successfully reloaded assembly
- Completed reload, in  1.138 seconds
Platform modules already initialized, skipping
Registering precompiled user dll's ...
Registered in 0.004725 seconds.
Begin MonoManager ReloadAssembly
Native extension for WindowsStandalone target not found
Refreshing native plugins compatible for Editor in 66.69 ms, found 0 plugins.
Preloading 0 native plugins for Editor in 0.00 ms.
Invoked RoslynAnalysisRunner static constructor.
RoslynAnalysisRunner will not be running.
RoslynAnalysisRunner has terminated.
Find all reader and writers took 100 milliseconds
Script Module: UnityEngine.UI.dll
Weave behaviours and messages took73 milliseconds
Find all reader and writers took 76 milliseconds
Script Module: Unity.RenderPipelines.Core.Runtime.dll
Weave behaviours and messages took54 milliseconds
Find all reader and writers took 71 milliseconds
Script Module: UnityEngine.TestRunner.dll
Weave behaviours and messages took25 milliseconds
Find all reader and writers took 76 milliseconds
Script Module: Unity.Mathematics.dll
Weave behaviours and messages took181 milliseconds
Find all reader and writers took 78 milliseconds
Script Module: Unity.InputSystem.dll
Weave behaviours and messages took175 milliseconds
Find all reader and writers took 68 milliseconds
Script Module: SimpleWebTransport.dll
Weave behaviours and messages took6 milliseconds
Find all reader and writers took 62 milliseconds
Script Module: Mirror.Examples.dll
[Projectile] NetworkBehaviourProcessor
[Tank] NetworkBehaviourProcessor
[NetworkRoomPlayer] NetworkBehaviourProcessor
[NetworkRoomPlayerExt] NetworkBehaviourProcessor
[PlayerController] NetworkBehaviourProcessor
[PlayerScore] NetworkBehaviourProcessor
[RandomColor] NetworkBehaviourProcessor
[Reward] NetworkBehaviourProcessor
[AddForce] NetworkBehaviourProcessor
[Ball] NetworkBehaviourProcessor
[Player] NetworkBehaviourProcessor
[MatchController] NetworkBehaviourProcessor
[PhysicsCollision] NetworkBehaviourProcessor
[PlayerController] NetworkBehaviourProcessor
[PlayerScore] NetworkBehaviourProcessor
[RandomColor] NetworkBehaviourProcessor
[Reward] NetworkBehaviourProcessor
[Player] NetworkBehaviourProcessor
[MonsterMovement] NetworkBehaviourProcessor
[PlayerMovement] NetworkBehaviourProcessor
[Player] NetworkBehaviourProcessor
[PlayerController] NetworkBehaviourProcessor
[RandomColor] NetworkBehaviourProcessor
[ShootingTankBehaviour] NetworkBehaviourProcessor
Weave behaviours and messages took20 milliseconds
  ProcessSitesModule Mirror.Examples.dll elapsed time:00:00:00.0079781
Find all reader and writers took 81 milliseconds
Script Module: Unity.RenderPipelines.Universal.Runtime.dll
Weave behaviours and messages took50 milliseconds
Find all reader and writers took 78 milliseconds
Script Module: Mirror.Components.dll
[NetworkAnimator] NetworkBehaviourProcessor
[NetworkRoomPlayer] NetworkBehaviourProcessor
[NetworkLobbyPlayer] NetworkBehaviourProcessor
[NetworkVisibility] NetworkBehaviourProcessor
[NetworkVisibility] Found NetworkBehaviour Mirror.NetworkVisibility
[NetworkVisibility] Process Start
[NetworkVisibility]   GenerateSerialization
[NetworkVisibility]   GenerateDeSerialization
[NetworkVisibility] Process Done
[NetworkMatchChecker] NetworkBehaviourProcessor
[NetworkVisibility] NetworkBehaviourProcessor
[NetworkOwnerChecker] NetworkBehaviourProcessor
[NetworkVisibility] NetworkBehaviourProcessor
[NetworkProximityChecker] NetworkBehaviourProcessor
[NetworkRoomPlayer] NetworkBehaviourProcessor
[NetworkVisibility] NetworkBehaviourProcessor
[NetworkSceneChecker] NetworkBehaviourProcessor
[NetworkTransformBase] NetworkBehaviourProcessor
[NetworkTransform] NetworkBehaviourProcessor
[NetworkTransformBase] NetworkBehaviourProcessor
[NetworkTransformBase] NetworkBehaviourProcessor
[NetworkTransformChild] NetworkBehaviourProcessor
[NetworkLerpRigidbody] NetworkBehaviourProcessor
[NetworkRigidbody] NetworkBehaviourProcessor
[NetworkRigidbody2D] NetworkBehaviourProcessor
[NetworkTransformBase] NetworkBehaviourProcessor
[NetworkTransform] NetworkBehaviourProcessor
[NetworkTransformBase] NetworkBehaviourProcessor
[NetworkTransformBase] NetworkBehaviourProcessor
[NetworkTransformChild] NetworkBehaviourProcessor
Weave behaviours and messages took27 milliseconds
  ProcessSitesModule Mirror.Components.dll elapsed time:00:00:00.0009977
Find all reader and writers took 90 milliseconds
Script Module: Unity.TextMeshPro.dll
Weave behaviours and messages took70 milliseconds
Find all reader and writers took 63 milliseconds
Script Module: Unity.ProBuilder.Poly2Tri.dll
Weave behaviours and messages took5 milliseconds
Find all reader and writers took 67 milliseconds
Script Module: Unity.Timeline.dll
Weave behaviours and messages took29 milliseconds
Find all reader and writers took 86 milliseconds
Script Module: Unity.ProBuilder.dll
Weave behaviours and messages took85 milliseconds
Find all reader and writers took 73 milliseconds
Script Module: Telepathy.dll
Weave behaviours and messages took1 milliseconds
Find all reader and writers took 71 milliseconds
Script Module: Unity.ProGrids.dll
Weave behaviours and messages took0 milliseconds
Find all reader and writers took 74 milliseconds
Script Module: Mirror.Cloud.dll
Weave behaviours and messages took3 milliseconds
Find all reader and writers took 78 milliseconds
Script Module: Unity.TerrainTools.dll
Weave behaviours and messages took0 milliseconds
Find all reader and writers took 69 milliseconds
Script Module: kcp2k.dll
Weave behaviours and messages took3 milliseconds
Find all reader and writers took 72 milliseconds
Script Module: Assembly-CSharp.dll
[FPSCharacterController] NetworkBehaviourProcessor
[CameraController] NetworkBehaviourProcessor
[ClientInstance] NetworkBehaviourProcessor
[EnemieNav] NetworkBehaviourProcessor
Weave behaviours and messages took11 milliseconds
Find all reader and writers took 88 milliseconds
Script Module: Mirror.Examples.Cloud.GUI.dll
Weave behaviours and messages took3 milliseconds
Find all reader and writers took 85 milliseconds
Script Module: Mirror.Examples.Cloud.Pong.dll
[Ball] NetworkBehaviourProcessor
[BallManager] NetworkBehaviourProcessor
[Player] NetworkBehaviourProcessor
Weave behaviours and messages took1 milliseconds
  ProcessSitesModule Mirror.Examples.Cloud.Pong.dll elapsed time:00:00:00
Find all reader and writers took 87 milliseconds
Script Module: Unity.ProBuilder.KdTree.dll
Weave behaviours and messages took3 milliseconds
Find all reader and writers took 78 milliseconds
Script Module: Unity.RenderPipelines.Core.ShaderLibrary.dll
Weave behaviours and messages took0 milliseconds
Find all reader and writers took 80 milliseconds
Script Module: Unity.RenderPipeline.Universal.ShaderLibrary.dll
Weave behaviours and messages took0 milliseconds
Find all reader and writers took 84 milliseconds
Script Module: Mirror.Authenticators.dll
Weave behaviours and messages took2 milliseconds
  ProcessSitesModule Mirror.Authenticators.dll elapsed time:00:00:00
Find all reader and writers took 81 milliseconds
Script Module: Unity.ProBuilder.Stl.dll
Weave behaviours and messages took3 milliseconds
Find all reader and writers took 84 milliseconds
Script Module: Unity.RenderPipelines.Universal.Shaders.dll
Weave behaviours and messages took0 milliseconds
Find all reader and writers took 90 milliseconds
Script Module: Unity.RenderPipelines.ShaderGraph.ShaderGraphLibrary.dll
Weave behaviours and messages took0 milliseconds
Find all reader and writers took 108 milliseconds
Script Module: UnityEditor.TestRunner.dll
Weave behaviours and messages took38 milliseconds
Find all reader and writers took 106 milliseconds
Script Module: ParrelSync.dll
Weave behaviours and messages took2 milliseconds
Find all reader and writers took 112 milliseconds
Script Module: Unity.ProBuilder.AssetIdRemapUtility.dll
Weave behaviours and messages took3 milliseconds
Find all reader and writers took 76 milliseconds
Script Module: Mirror.CompilerSymbols.dll
Weave behaviours and messages took0 milliseconds
Find all reader and writers took 111 milliseconds
Script Module: UnityEditor.UI.dll
Weave behaviours and messages took13 milliseconds
Find all reader and writers took 79 milliseconds
Script Module: Unity.ShaderGraph.Utilities.dll
Weave behaviours and messages took0 milliseconds
Mono: successfully reloaded assembly
- Completed reload, in  9.642 seconds
Platform modules already initialized, skipping
========================================================================
Worker process is ready to serve import requests
Shader 'Universal Render Pipeline/Particles/Lit': fallback shader 'Universal Render Pipeline/Particles/SimpleLit' not found
Launched and connected shader compiler UnityShaderCompiler.exe after 0.03 seconds
Refreshing native plugins compatible for Editor in 0.64 ms, found 0 plugins.
Preloading 0 native plugins for Editor in 0.00 ms.
Unloading 3519 Unused Serialized files (Serialized files now loaded: 0)
System memory in use before: 166.4 MB.
System memory in use after: 166.5 MB.

Unloading 29 unused Assets to reduce memory usage. Loaded Objects now: 3976.
Total: 4.065100 ms (FindLiveObjects: 0.437800 ms CreateObjectMapping: 0.368600 ms MarkObjects: 3.100000 ms  DeleteObjects: 0.157000 ms)

========================================================================
Received Import Request.
  path: Assets/Prefab/ClientInstance.prefab
  artifactKey: Guid(29d3a9575b975ec45873c520d7758e8a) Importer(815301076,1909f56bfc062723c751e8b465ee728b)
Start importing Assets/Prefab/ClientInstance.prefab using Guid(29d3a9575b975ec45873c520d7758e8a) Importer(815301076,1909f56bfc062723c751e8b465ee728b)  -> (artifact id: 'f34a1108834c561241cc8237098f10ec') in 0.061017 seconds
  Import took 0.070102 seconds .

========================================================================
Received Import Request.
  Time since last request: 1.108647 seconds.
  path: Assets/Prefab/Player 2.prefab
  artifactKey: Guid(c85bba53294a7884a8a857afced51092) Importer(815301076,1909f56bfc062723c751e8b465ee728b)
Start importing Assets/Prefab/Player 2.prefab using Guid(c85bba53294a7884a8a857afced51092) Importer(815301076,1909f56bfc062723c751e8b465ee728b)  -> (artifact id: '77c570d56929fe8b79ca61fe16702731') in 0.186188 seconds
  Import took 0.192749 seconds .

========================================================================
Received Prepare
Shader 'Universal Render Pipeline/Particles/Lit': fallback shader 'Universal Render Pipeline/Particles/SimpleLit' not found
Refreshing native plugins compatible for Editor in 2.78 ms, found 0 plugins.
Preloading 0 native plugins for Editor in 0.00 ms.
Unloading 10 Unused Serialized files (Serialized files now loaded: 0)
System memory in use before: 94.7 MB.
System memory in use after: 94.9 MB.

Unloading 10 unused Assets to reduce memory usage. Loaded Objects now: 4049.
Total: 4.953600 ms (FindLiveObjects: 0.377800 ms CreateObjectMapping: 0.400900 ms MarkObjects: 4.044900 ms  DeleteObjects: 0.120800 ms)

========================================================================
Received Prepare
Registering precompiled user dll's ...
Registered in 0.003867 seconds.
Begin MonoManager ReloadAssembly
Native extension for WindowsStandalone target not found
Refreshing native plugins compatible for Editor in 0.64 ms, found 0 plugins.
Preloading 0 native plugins for Editor in 0.00 ms.
Invoked RoslynAnalysisRunner static constructor.
RoslynAnalysisRunner will not be running.
RoslynAnalysisRunner has terminated.
Mono: successfully reloaded assembly
- Completed reload, in  1.185 seconds
Platform modules already initialized, skipping
Shader 'Universal Render Pipeline/Particles/Lit': fallback shader 'Universal Render Pipeline/Particles/SimpleLit' not found
Refreshing native plugins compatible for Editor in 0.55 ms, found 0 plugins.
Preloading 0 native plugins for Editor in 0.00 ms.
Unloading 3340 Unused Serialized files (Serialized files now loaded: 0)
System memory in use before: 170.9 MB.
System memory in use after: 171.1 MB.

Unloading 13 unused Assets to reduce memory usage. Loaded Objects now: 4025.
Total: 2.583500 ms (FindLiveObjects: 0.315600 ms CreateObjectMapping: 0.188000 ms MarkObjects: 1.970800 ms  DeleteObjects: 0.108000 ms)

AssetImportWorkerClient::OnTransportError - code=2 error=End of file
